<?xml version="1.0" encoding="UTF-8"?>
<!-- Generated by org.testng.reporters.JUnitReportReporter -->
<testsuite skipped="0" hostname="KIV-WKS-TT283D" name="PUT_Update" tests="1" failures="0" timestamp="09 Jul 2019 14:12:01 GMT" time="2.264" errors="0">
  <testcase name="registration" time="2.264" classname="PUT_Update"/>
</testsuite> <!-- PUT_Update -->
