<?xml version="1.0" encoding="UTF-8"?>
<!-- Generated by org.testng.reporters.JUnitReportReporter -->
<testsuite skipped="0" hostname="KIV-WKS-TT283D" name="GET_ListUsers" tests="5" failures="0" timestamp="10 Jul 2019 09:14:40 GMT" time="3.903" errors="0">
  <testcase name="update1" time="0.439" classname="GET_ListUsers"/>
  <testcase name="delete" time="1.925" classname="GET_ListUsers"/>
  <testcase name="registration" time="0.435" classname="GET_ListUsers"/>
  <testcase name="getListUsers" time="0.694" classname="GET_ListUsers"/>
  <testcase name="update2" time="0.410" classname="GET_ListUsers"/>
</testsuite> <!-- GET_ListUsers -->
