<?xml version="1.0" encoding="UTF-8"?>
<!-- Generated by org.testng.reporters.JUnitReportReporter -->
<testsuite skipped="0" hostname="KIV-WKS-TT283D" name="POST_Create" tests="1" failures="0" timestamp="09 Jul 2019 12:10:38 GMT" time="2.116" errors="0">
  <testcase name="postCreate" time="2.116" classname="POST_Create"/>
</testsuite> <!-- POST_Create -->
