<?xml version="1.0" encoding="UTF-8"?>
<!-- Generated by org.testng.reporters.JUnitReportReporter -->
<testsuite skipped="0" hostname="KIV-WKS-TT283D" name="DELETE_delete" tests="1" failures="0" timestamp="09 Jul 2019 14:16:30 GMT" time="1.883" errors="0">
  <testcase name="update" time="1.883" classname="DELETE_delete"/>
</testsuite> <!-- DELETE_delete -->
