<?xml version="1.0" encoding="UTF-8"?>
<!-- Generated by org.testng.reporters.JUnitReportReporter -->
<testsuite skipped="0" hostname="KIV-WKS-TT283D" name="API_tests" tests="5" failures="0" timestamp="15 Jul 2019 11:29:15 GMT" time="3.965" errors="0">
  <testcase name="postRequest" time="0.451" classname="API_tests"/>
  <testcase name="putRequest" time="0.550" classname="API_tests"/>
  <testcase name="patchRequest" time="0.531" classname="API_tests"/>
  <testcase name="deleteRequest" time="1.536" classname="API_tests"/>
  <testcase name="getRequest" time="0.897" classname="API_tests"/>
</testsuite> <!-- API_tests -->
